1514538430392	geckodriver	INFO	geckodriver 0.18.0
1514538430392	geckodriver	INFO	Listening on 127.0.0.1:63374
1514538432423	geckodriver::marionette	INFO	Starting browser C:\Program Files (x86)\Mozilla Firefox\firefox.exe with args ["-marionette"]
1514538432818	Marionette	INFO	Enabled via --marionette
Unable to read VR Path Registry from C:\Users\suresh.kumar\AppData\Local\openvr\openvrpaths.vrpath
[Child 13320, Chrome_ChildThread] WARNING: pipe error: 109: file z:/build/build/src/ipc/chromium/src/chrome/common/ipc_channel_win.cc, line 346
[Child 13320, Chrome_ChildThread] WARNING: pipe error: 109: file z:/build/build/src/ipc/chromium/src/chrome/common/ipc_channel_win.cc, line 346
1514538433886	Marionette	INFO	Listening on port 63380
1514538433967	Marionette	WARN	TLS certificate errors will be ignored for this session
1514538434015	Marionette	DEBUG	Register listener.js for window 4294967297
1514538434087	Marionette	DEBUG	Received DOM event "beforeunload" for "about:blank"
1514538434794	Marionette	DEBUG	Received DOM event "pagehide" for "about:blank"
1514538434794	Marionette	DEBUG	Received DOM event "unload" for "about:blank"
1514538439093	Marionette	DEBUG	Received DOM event "DOMContentLoaded" for "http://automationpractice.com/index.php"
1514538441668	Marionette	DEBUG	Received DOM event "pageshow" for "http://automationpractice.com/index.php"
1514538441711	Marionette	DEBUG	Received DOM event "beforeunload" for "http://automationpractice.com/index.php"
1514538442669	Marionette	DEBUG	Received DOM event "pagehide" for "http://automationpractice.com/index.php"
1514538442670	Marionette	DEBUG	Received DOM event "unload" for "http://automationpractice.com/index.php"
1514538443437	Marionette	DEBUG	Received DOM event "DOMContentLoaded" for "http://automationpractice.com/index.php?controller=authentication&back=my-account"
1514538443440	Marionette	DEBUG	Received DOM event "pageshow" for "http://automationpractice.com/index.php?controller=authentication&back=my-account"
